c:\users\tokiy\onedrive\デスクトップ\action\x64\debug\vc143.pdb
c:\users\tokiy\onedrive\デスクトップ\action\x64\debug\vc143.idb
c:\users\tokiy\onedrive\デスクトップ\action\x64\debug\player.obj
c:\users\tokiy\onedrive\デスクトップ\action\x64\debug\main.obj
c:\users\tokiy\onedrive\デスクトップ\action\x64\debug\controller.obj
c:\users\tokiy\onedrive\デスクトップ\action\x64\debug\mapp.obj
c:\users\tokiy\onedrive\デスクトップ\action(クラス化\x64\debug\vc143.pdb
c:\users\tokiy\onedrive\デスクトップ\action(クラス化\x64\debug\vc143.idb
c:\users\tokiy\onedrive\デスクトップ\action(クラス化\x64\debug\mapp.obj
d:\action(クラス化\action(クラス化\x64\debug\vc143.pdb
d:\action(クラス化\action(クラス化\x64\debug\vc143.idb
d:\action(クラス化\action(クラス化\x64\debug\mapp.obj
c:\users\tokiy\onedrive\デスクトップ\action\x64\debug\sample_original.exe
c:\users\tokiy\onedrive\デスクトップ\action\x64\debug\sample_original.ilk
c:\users\tokiy\onedrive\デスクトップ\action\x64\debug\sample_original.pdb
d:\action(クラス化\action(クラス化\x64\debug\controller.obj
d:\action(クラス化\action(クラス化\x64\debug\main.obj
d:\action(クラス化\action(クラス化\x64\debug\player.obj
d:\action(クラス化\action(クラス化\x64\debug\sample_original.ilk
d:\action(クラス化\action(クラス化\x64\debug\sample_original.pdb
d:\action(クラス化\action(クラス化\x64\debug\sample_original.exe
d:\action(クラス化\action(クラス化\x64\debug\sample_original.tlog\cl.command.1.tlog
d:\action(クラス化\action(クラス化\x64\debug\sample_original.tlog\cl.read.1.tlog
d:\action(クラス化\action(クラス化\x64\debug\sample_original.tlog\cl.write.1.tlog
d:\action(クラス化\action(クラス化\x64\debug\sample_original.tlog\link.command.1.tlog
d:\action(クラス化\action(クラス化\x64\debug\sample_original.tlog\link.read.1.tlog
d:\action(クラス化\action(クラス化\x64\debug\sample_original.tlog\link.write.1.tlog
